<?xml version="1.0" encoding="UTF-8"?>
<testsuite xmlns:xsi="http://www.w3.org/2001/XMLSchema-instance" xsi:noNamespaceSchemaLocation="https://maven.apache.org/surefire/maven-surefire-plugin/xsd/surefire-test-report.xsd" name="MyTest" time="0.055" tests="10" errors="0" skipped="0" failures="0">
  <properties>
[...]
</properties>
  <testcase name="generateDeckTest" classname="MyTest" time="0.028"/>
  <testcase name="handTotalTest" classname="MyTest" time="0.001"/>
  <testcase name="constructorTest" classname="MyTest" time="0.002"/>
  <testcase name="whoWonTest" classname="MyTest" time="0.001"/>
  <testcase name="evaluateBankerDrawTest" classname="MyTest" time="0.002"/>
  <testcase name="dealHandTest" classname="MyTest" time="0.001"/>
  <testcase name="evaluatePlayerDrawTest" classname="MyTest" time="0.001"/>
  <testcase name="shuffleDeckTest" classname="MyTest" time="0.001"/>
  <testcase name="deckSizeTest" classname="MyTest" time="0"/>
  <testcase name="drawOneTest" classname="MyTest" time="0.001"/>
</testsuite>